Traceback (most recent call last):
  File "/home/mike/Projects/python/venvs/jbook/lib/python3.9/site-packages/jupyter_cache/executors/utils.py", line 58, in single_nb_execution
    executenb(
  File "/home/mike/Projects/python/venvs/jbook/lib/python3.9/site-packages/nbclient/client.py", line 1305, in execute
    return NotebookClient(nb=nb, resources=resources, km=km, **kwargs).execute()
  File "/home/mike/Projects/python/venvs/jbook/lib/python3.9/site-packages/jupyter_core/utils/__init__.py", line 172, in wrapped
    return loop.run_until_complete(inner)
  File "/usr/lib/python3.9/asyncio/base_events.py", line 642, in run_until_complete
    return future.result()
  File "/home/mike/Projects/python/venvs/jbook/lib/python3.9/site-packages/nbclient/client.py", line 705, in async_execute
    await self.async_execute_cell(
  File "/home/mike/Projects/python/venvs/jbook/lib/python3.9/site-packages/nbclient/client.py", line 1058, in async_execute_cell
    await self._check_raise_for_error(cell, cell_index, exec_reply)
  File "/home/mike/Projects/python/venvs/jbook/lib/python3.9/site-packages/nbclient/client.py", line 914, in _check_raise_for_error
    raise CellExecutionError.from_cell_and_msg(cell, exec_reply_content)
nbclient.exceptions.CellExecutionError: An error occurred while executing the following cell:
------------------
import matplotlib.pyplot as plt
from glcd import glplot,nat,SCP

# basic usage vacuum boundary at $x=0$. As published the applied field is critical.

hc=1/2**(1/2)
for k in range(-2,3):
  kappa=2**k
  glplot(kappa,nat(0,hc),SCP(6,kappa),f"\kappa={kappa:.2f}") # natural boundary x=0,superconducting at x=6 (x 'large')
plt.xlabel("x")
plt.title(f"$h_0={hc:.2f}$")
plt.legend()
plt.show()

------------------


[0;31m---------------------------------------------------------------------------[0m
[0;31mTypeError[0m                                 Traceback (most recent call last)
Cell [0;32mIn[3], line 9[0m
[1;32m      7[0m [38;5;28;01mfor[39;00m k [38;5;129;01min[39;00m [38;5;28mrange[39m([38;5;241m-[39m[38;5;241m2[39m,[38;5;241m3[39m):
[1;32m      8[0m   kappa[38;5;241m=[39m[38;5;241m2[39m[38;5;241m*[39m[38;5;241m*[39mk
[0;32m----> 9[0m   glplot(kappa,nat([38;5;241m0[39m,hc),[43mSCP[49m[43m([49m[38;5;241;43m6[39;49m[43m,[49m[43mkappa[49m[43m)[49m,[38;5;124mf[39m[38;5;124m"[39m[38;5;124m\[39m[38;5;124mkappa=[39m[38;5;132;01m{[39;00mkappa[38;5;132;01m:[39;00m[38;5;124m.2f[39m[38;5;132;01m}[39;00m[38;5;124m"[39m) [38;5;66;03m# natural boundary x=0,superconducting at x=6 (x 'large')[39;00m
[1;32m     10[0m plt[38;5;241m.[39mxlabel([38;5;124m"[39m[38;5;124mx[39m[38;5;124m"[39m)
[1;32m     11[0m plt[38;5;241m.[39mtitle([38;5;124mf[39m[38;5;124m"[39m[38;5;124m$h_0=[39m[38;5;132;01m{[39;00mhc[38;5;132;01m:[39;00m[38;5;124m.2f[39m[38;5;132;01m}[39;00m[38;5;124m$[39m[38;5;124m"[39m)

[0;31mTypeError[0m: SCP() takes 1 positional argument but 2 were given

